<?xml version="1.0" encoding="UTF-8"?>
<testng-results skipped="0" failed="0" ignored="0" total="1" passed="1">
  <reporter-output>
  </reporter-output>
  <suite name="Suite" duration-ms="9759" started-at="2019-05-14T04:34:31Z" finished-at="2019-05-14T04:34:41Z">
    <groups>
    </groups>
    <test name="Test" duration-ms="9759" started-at="2019-05-14T04:34:31Z" finished-at="2019-05-14T04:34:41Z">
      <class name="com.selenium.coding.Run">
        <test-method status="PASS" signature="get()[pri:0, instance:com.selenium.coding.Run@1324409e]" name="get" duration-ms="9723" started-at="2019-05-14T04:34:31Z" finished-at="2019-05-14T04:34:41Z">
          <reporter-output>
          </reporter-output>
        </test-method> <!-- get -->
      </class> <!-- com.selenium.coding.Run -->
    </test> <!-- Test -->
  </suite> <!-- Suite -->
</testng-results>
