<?xml version="1.0" encoding="UTF-8"?>
<testng-results skipped="0" failed="0" ignored="0" total="1" passed="1">
  <reporter-output>
  </reporter-output>
  <suite name="Default suite" duration-ms="8959" started-at="2019-05-14T04:34:00Z" finished-at="2019-05-14T04:34:09Z">
    <groups>
    </groups>
    <test name="Default test" duration-ms="8959" started-at="2019-05-14T04:34:00Z" finished-at="2019-05-14T04:34:09Z">
      <class name="com.selenium.coding.Run">
        <test-method status="PASS" signature="get()[pri:0, instance:com.selenium.coding.Run@475530b9]" name="get" duration-ms="8892" started-at="2019-05-14T04:34:00Z" finished-at="2019-05-14T04:34:09Z">
          <reporter-output>
          </reporter-output>
        </test-method> <!-- get -->
      </class> <!-- com.selenium.coding.Run -->
    </test> <!-- Default test -->
  </suite> <!-- Default suite -->
</testng-results>
